This is pdfTeX, Version 3.141592653-2.6-1.40.22 (MiKTeX 21.2) (preloaded format=pdflatex 2021.4.19)  24 APR 2021 19:55
entering extended mode
**./Laboratorio4_TiconaMamaniAlex.tex
(Laboratorio4_TiconaMamaniAlex.tex
LaTeX2e <2020-10-01> patch level 4
L3 programming layer <2021-02-18> xparse <2020-03-03>
(C:\Program Files\MiKTeX\tex/latex/base\book.cls
Document Class: book 2020/04/10 v1.4m Standard LaTeX document class
(C:\Program Files\MiKTeX\tex/latex/base\bk12.clo
File: bk12.clo 2020/04/10 v1.4m Standard LaTeX file (size option)
)
\c@part=\count179
\c@chapter=\count180
\c@section=\count181
\c@subsection=\count182
\c@subsubsection=\count183
\c@paragraph=\count184
\c@subparagraph=\count185
\c@figure=\count186
\c@table=\count187
\abovecaptionskip=\skip47
\belowcaptionskip=\skip48
\bibindent=\dimen138
)
(C:\Program Files\MiKTeX\tex/latex/base\inputenc.sty
Package: inputenc 2020/08/01 v1.3d Input encoding file
\inpenc@prehook=\toks15
\inpenc@posthook=\toks16
)
(C:\Program Files\MiKTeX\tex/generic/babel\babel.sty
Package: babel 2021/01/26 3.53 The Babel package

(C:\Program Files\MiKTeX\tex/generic/babel\babel.def
File: babel.def 2021/01/26 3.53 Babel common definitions
\babel@savecnt=\count188
\U@D=\dimen139
\l@babelnohyphens=\language79

(C:\Program Files\MiKTeX\tex/generic/babel\txtbabel.def)
\bbl@readstream=\read2
)
\bbl@dirlevel=\count189

*************************************
* Local config file bblopts.cfg used
*
(C:\Program Files\MiKTeX\tex/latex/arabi\bblopts.cfg
File: bblopts.cfg 2005/09/08 v0.1 add Arabic and Farsi to "declared" options of
 babel
)
(C:\Program Files\MiKTeX\tex/latex/babel-spanish\spanish.ldf
Language: spanish.ldf 2016/03/03 v5.0p Spanish support from the babel system
\es@quottoks=\toks17
\es@quotdepth=\count190
Package babel Info: Making " an active character on input line 561.
Package babel Info: Making . an active character on input line 662.
Package babel Info: Making < an active character on input line 707.
Package babel Info: Making > an active character on input line 707.
))
(C:\Program Files\MiKTeX\tex/latex/amsmath\amsmath.sty
Package: amsmath 2020/09/23 v2.17i AMS math features
\@mathmargin=\skip49

For additional information on amsmath, use the `?' option.
(C:\Program Files\MiKTeX\tex/latex/amsmath\amstext.sty
Package: amstext 2000/06/29 v2.01 AMS text

(C:\Program Files\MiKTeX\tex/latex/amsmath\amsgen.sty
File: amsgen.sty 1999/11/30 v2.0 generic functions
\@emptytoks=\toks18
\ex@=\dimen140
))
(C:\Program Files\MiKTeX\tex/latex/amsmath\amsbsy.sty
Package: amsbsy 1999/11/29 v1.2d Bold Symbols
\pmbraise@=\dimen141
)
(C:\Program Files\MiKTeX\tex/latex/amsmath\amsopn.sty
Package: amsopn 2016/03/08 v2.02 operator names
)
\inf@bad=\count191
LaTeX Info: Redefining \frac on input line 234.
\uproot@=\count192
\leftroot@=\count193
LaTeX Info: Redefining \overline on input line 399.
\classnum@=\count194
\DOTSCASE@=\count195
LaTeX Info: Redefining \ldots on input line 496.
LaTeX Info: Redefining \dots on input line 499.
LaTeX Info: Redefining \cdots on input line 620.
\Mathstrutbox@=\box47
\strutbox@=\box48
\big@size=\dimen142
LaTeX Font Info:    Redeclaring font encoding OML on input line 743.
LaTeX Font Info:    Redeclaring font encoding OMS on input line 744.
\macc@depth=\count196
\c@MaxMatrixCols=\count197
\dotsspace@=\muskip16
\c@parentequation=\count198
\dspbrk@lvl=\count199
\tag@help=\toks19
\row@=\count266
\column@=\count267
\maxfields@=\count268
\andhelp@=\toks20
\eqnshift@=\dimen143
\alignsep@=\dimen144
\tagshift@=\dimen145
\tagwidth@=\dimen146
\totwidth@=\dimen147
\lineht@=\dimen148
\@envbody=\toks21
\multlinegap=\skip50
\multlinetaggap=\skip51
\mathdisplay@stack=\toks22
LaTeX Info: Redefining \[ on input line 2923.
LaTeX Info: Redefining \] on input line 2924.
)
(C:\Program Files\MiKTeX\tex/latex/amsfonts\amsfonts.sty
Package: amsfonts 2013/01/14 v3.01 Basic AMSFonts support
\symAMSa=\mathgroup4
\symAMSb=\mathgroup5
LaTeX Font Info:    Redeclaring math symbol \hbar on input line 98.
LaTeX Font Info:    Overwriting math alphabet `\mathfrak' in version `bold'
(Font)                  U/euf/m/n --> U/euf/b/n on input line 106.
)
(C:\Program Files\MiKTeX\tex/latex/amsfonts\amssymb.sty
Package: amssymb 2013/01/14 v3.01 AMS font symbols
)
(C:\Program Files\MiKTeX\tex/latex/graphics\graphicx.sty
Package: graphicx 2020/09/09 v1.2b Enhanced LaTeX Graphics (DPC,SPQR)

(C:\Program Files\MiKTeX\tex/latex/graphics\keyval.sty
Package: keyval 2014/10/28 v1.15 key=value parser (DPC)
\KV@toks@=\toks23
)
(C:\Program Files\MiKTeX\tex/latex/graphics\graphics.sty
Package: graphics 2020/08/30 v1.4c Standard LaTeX Graphics (DPC,SPQR)

(C:\Program Files\MiKTeX\tex/latex/graphics\trig.sty
Package: trig 2016/01/03 v1.10 sin cos tan (DPC)
)
(C:\Program Files\MiKTeX\tex/latex/graphics-cfg\graphics.cfg
File: graphics.cfg 2016/06/04 v1.11 sample graphics configuration
)
Package graphics Info: Driver file: pdftex.def on input line 105.

(C:\Program Files\MiKTeX\tex/latex/graphics-def\pdftex.def
File: pdftex.def 2020/10/05 v1.2a Graphics/color driver for pdftex
))
\Gin@req@height=\dimen149
\Gin@req@width=\dimen150
)
(C:\Program Files\MiKTeX\tex/latex/geometry\geometry.sty
Package: geometry 2020/01/02 v5.9 Page Geometry

(C:\Program Files\MiKTeX\tex/generic/iftex\ifvtex.sty
Package: ifvtex 2019/10/25 v1.7 ifvtex legacy package. Use iftex instead.

(C:\Program Files\MiKTeX\tex/generic/iftex\iftex.sty
Package: iftex 2020/03/06 v1.0d TeX engine tests
))
\Gm@cnth=\count269
\Gm@cntv=\count270
\c@Gm@tempcnt=\count271
\Gm@bindingoffset=\dimen151
\Gm@wd@mp=\dimen152
\Gm@odd@mp=\dimen153
\Gm@even@mp=\dimen154
\Gm@layoutwidth=\dimen155
\Gm@layoutheight=\dimen156
\Gm@layouthoffset=\dimen157
\Gm@layoutvoffset=\dimen158
\Gm@dimlist=\toks24

(C:\Program Files\MiKTeX\tex/latex/geometry\geometry.cfg))
(C:\Program Files\MiKTeX\tex/latex/l3backend\l3backend-pdftex.def
File: l3backend-pdftex.def 2021-02-18 L3 backend support: PDF output (pdfTeX)
\l__color_backend_stack_int=\count272
\l__pdf_internal_box=\box49
)
(Laboratorio4_TiconaMamaniAlex.aux
LaTeX Info: Redefining \. on input line 8.
LaTeX Info: Redefining \% on input line 8.
)
\openout1 = `Laboratorio4_TiconaMamaniAlex.aux'.

LaTeX Font Info:    Checking defaults for OML/cmm/m/it on input line 8.
LaTeX Font Info:    ... okay on input line 8.
LaTeX Font Info:    Checking defaults for OMS/cmsy/m/n on input line 8.
LaTeX Font Info:    ... okay on input line 8.
LaTeX Font Info:    Checking defaults for OT1/cmr/m/n on input line 8.
LaTeX Font Info:    ... okay on input line 8.
LaTeX Font Info:    Checking defaults for T1/cmr/m/n on input line 8.
LaTeX Font Info:    ... okay on input line 8.
LaTeX Font Info:    Checking defaults for TS1/cmr/m/n on input line 8.
LaTeX Font Info:    ... okay on input line 8.
LaTeX Font Info:    Checking defaults for OMX/cmex/m/n on input line 8.
LaTeX Font Info:    ... okay on input line 8.
LaTeX Font Info:    Checking defaults for U/cmr/m/n on input line 8.
LaTeX Font Info:    ... okay on input line 8.
LaTeX Info: Redefining \. on input line 8.
LaTeX Info: Redefining \% on input line 8.

(C:\Program Files\MiKTeX\tex/context/base/mkii\supp-pdf.mkii
[Loading MPS to PDF converter (version 2006.09.02).]
\scratchcounter=\count273
\scratchdimen=\dimen159
\scratchbox=\box50
\nofMPsegments=\count274
\nofMParguments=\count275
\everyMPshowfont=\toks25
\MPscratchCnt=\count276
\MPscratchDim=\dimen160
\MPnumerator=\count277
\makeMPintoPDFobject=\count278
\everyMPtoPDFconversion=\toks26
) (C:\Program Files\MiKTeX\tex/latex/epstopdf-pkg\epstopdf-base.sty
Package: epstopdf-base 2020-01-24 v2.11 Base part for package epstopdf
Package epstopdf-base Info: Redefining graphics rule for `.eps' on input line 4
85.
)
*geometry* driver: auto-detecting
*geometry* detected driver: pdftex
*geometry* verbose mode - [ preamble ] result:
* driver: pdftex
* paper: a4paper
* layout: <same size as paper>
* layoutoffset:(h,v)=(0.0pt,0.0pt)
* modes: twoside 
* h-part:(L,W,R)=(56.9055pt, 469.47049pt, 71.13188pt)
* v-part:(T,H,B)=(71.13188pt, 702.78308pt, 71.13188pt)
* \paperwidth=597.50787pt
* \paperheight=845.04684pt
* \textwidth=469.47049pt
* \textheight=702.78308pt
* \oddsidemargin=-15.36449pt
* \evensidemargin=-1.1381pt
* \topmargin=-33.0119pt
* \headheight=12.0pt
* \headsep=19.8738pt
* \topskip=12.0pt
* \footskip=30.0pt
* \marginparwidth=88.0pt
* \marginparsep=7.0pt
* \columnsep=10.0pt
* \skip\footins=10.8pt plus 4.0pt minus 2.0pt
* \hoffset=0.0pt
* \voffset=0.0pt
* \mag=1000
* \@twocolumnfalse
* \@twosidetrue
* \@mparswitchtrue
* \@reversemarginfalse
* (1in=72.27pt=25.4mm, 1cm=28.453pt)

<Imagenes/upt.jpg, id=1, 78.2925pt x 105.39375pt>
File: Imagenes/upt.jpg Graphic file (type jpg)
<use Imagenes/upt.jpg>
Package pdftex.def Info: Imagenes/upt.jpg  used on input line 18.
(pdftex.def)             Requested size: 78.2923pt x 105.39348pt.

LaTeX Font Warning: Font shape `OT1/cmr/bx/sc' undefined
(Font)              using `OT1/cmr/bx/n' instead on input line 34.

[1

{C:/Users/ALEX/AppData/Local/MiKTeX/pdftex/config/pdftex.map} <./Imagenes/upt.j
pg>]
Underfull \hbox (badness 10000) in paragraph at lines 45--46

 []


Underfull \hbox (badness 10000) in paragraph at lines 50--51

 []


Underfull \hbox (badness 10000) in paragraph at lines 88--88

 []


Underfull \hbox (badness 10000) in paragraph at lines 89--91

 []

<Imagenes/img1.png, id=8, 1102.87032pt x 726.46407pt>
File: Imagenes/img1.png Graphic file (type png)
<use Imagenes/img1.png>
Package pdftex.def Info: Imagenes/img1.png  used on input line 93.
(pdftex.def)             Requested size: 341.43306pt x 224.90224pt.

Underfull \vbox (badness 1231) has occurred while \output is active []

 [2]
<Imagenes/img12.png, id=14, 250.68657pt x 96.36pt>
File: Imagenes/img12.png Graphic file (type png)
<use Imagenes/img12.png>
Package pdftex.def Info: Imagenes/img12.png  used on input line 97.
(pdftex.def)             Requested size: 142.26378pt x 54.68608pt.
<Imagenes/img3.png, id=15, 720.44156pt x 460.72125pt>
File: Imagenes/img3.png Graphic file (type png)
<use Imagenes/img3.png>
Package pdftex.def Info: Imagenes/img3.png  used on input line 101.
(pdftex.def)             Requested size: 142.26378pt x 90.97563pt.

Overfull \hbox (18.38246pt too wide) in paragraph at lines 103--104
\OT1/cmr/m/n/12 Paso 4: Una vez co-nec-ta-do ten-dre-mos en nues-tro la-do dos 
tool-box, uno de-no-mi-na-do VISUALIZA-
 []

<Imagenes/img4.png, id=16, 319.1925pt x 287.57437pt>
File: Imagenes/img4.png Graphic file (type png)
<use Imagenes/img4.png>
Package pdftex.def Info: Imagenes/img4.png  used on input line 105.
(pdftex.def)             Requested size: 142.26378pt x 128.16985pt.
<Imagenes/img5.png, id=17, 325.96782pt x 230.36063pt>
File: Imagenes/img5.png Graphic file (type png)
<use Imagenes/img5.png>
Package pdftex.def Info: Imagenes/img5.png  used on input line 109.
(pdftex.def)             Requested size: 170.71652pt x 120.64938pt.
[3 <./Imagenes/img1.png> <./Imagenes/img12.png> <./Imagenes/img3.png> <./Imagen
es/img4.png>]
<Imagenes/img6.png, id=23, 402.75468pt x 263.48438pt>
File: Imagenes/img6.png Graphic file (type png)
<use Imagenes/img6.png>
Package pdftex.def Info: Imagenes/img6.png  used on input line 113.
(pdftex.def)             Requested size: 341.43306pt x 223.36774pt.
<Imagenes/img7.png, id=24, 393.72093pt x 225.09094pt>
File: Imagenes/img7.png Graphic file (type png)
<use Imagenes/img7.png>
Package pdftex.def Info: Imagenes/img7.png  used on input line 117.
(pdftex.def)             Requested size: 341.43306pt x 195.19556pt.
<Imagenes/img8.png, id=25, 1332.47812pt x 602.25pt>
File: Imagenes/img8.png Graphic file (type png)
<use Imagenes/img8.png>
Package pdftex.def Info: Imagenes/img8.png  used on input line 123.
(pdftex.def)             Requested size: 341.43306pt x 154.32066pt.
 [4 <./Imagenes/img5.png> <./Imagenes/img6.png> <./Imagenes/img7.png>]
<Imagenes/img9.png, id=29, 472.01344pt x 225.84375pt>
File: Imagenes/img9.png Graphic file (type png)
<use Imagenes/img9.png>
Package pdftex.def Info: Imagenes/img9.png  used on input line 127.
(pdftex.def)             Requested size: 341.43306pt x 163.36894pt.
<Imagenes/img10.png, id=30, 472.01344pt x 225.84375pt>
File: Imagenes/img10.png Graphic file (type png)
<use Imagenes/img10.png>
Package pdftex.def Info: Imagenes/img10.png  used on input line 131.
(pdftex.def)             Requested size: 341.43306pt x 163.36894pt.

Overfull \hbox (3.22855pt too wide) in paragraph at lines 133--134
\OT1/cmr/m/n/12 Paso 11: Aho-ra crea-re-mos un ma-pa que mues-tre la pro-por-ci
\TS1/cmr/m/n/12 ´\OT1/cmr/m/n/12 on de ven-tas por zo-na geogr\TS1/cmr/m/n/12 ´
\OT1/cmr/m/n/12 afica.
 []

<Imagenes/img11.png, id=31, 472.01344pt x 383.18156pt>
File: Imagenes/img11.png Graphic file (type png)
<use Imagenes/img11.png>
Package pdftex.def Info: Imagenes/img11.png  used on input line 135.
(pdftex.def)             Requested size: 341.43306pt x 277.18266pt.

Underfull \vbox (badness 10000) has occurred while \output is active []

 [5 <./Imagenes/img8.png> <./Imagenes/img9.png> <./Imagenes/img10.png>]
File: Imagenes/img12.png Graphic file (type png)
<use Imagenes/img12.png>
Package pdftex.def Info: Imagenes/img12.png  used on input line 139.
(pdftex.def)             Requested size: 142.26378pt x 54.68608pt.
<Imagenes/img13.png, id=36, 1415.2875pt x 675.27281pt>
File: Imagenes/img13.png Graphic file (type png)
<use Imagenes/img13.png>
Package pdftex.def Info: Imagenes/img13.png  used on input line 143.
(pdftex.def)             Requested size: 284.52756pt x 135.75282pt.
<Imagenes/img14.png, id=37, 1546.27687pt x 857.45343pt>
File: Imagenes/img14.png Graphic file (type png)
<use Imagenes/img14.png>
Package pdftex.def Info: Imagenes/img14.png  used on input line 147.
(pdftex.def)             Requested size: 284.52756pt x 157.77596pt.

Underfull \vbox (badness 2310) has occurred while \output is active []

 [6 <./Imagenes/img11.png> <./Imagenes/img13.png>]
<Imagenes/img15.png, id=42, 998.22937pt x 748.29562pt>
File: Imagenes/img15.png Graphic file (type png)
<use Imagenes/img15.png>
Package pdftex.def Info: Imagenes/img15.png  used on input line 151.
(pdftex.def)             Requested size: 284.52756pt x 213.2893pt.
<Imagenes/img16.png, id=43, 1047.915pt x 534.49687pt>
File: Imagenes/img16.png Graphic file (type png)
<use Imagenes/img16.png>
Package pdftex.def Info: Imagenes/img16.png  used on input line 155.
(pdftex.def)             Requested size: 284.52756pt x 145.12349pt.
<Imagenes/img17.png, id=44, 938.75719pt x 913.16156pt>
File: Imagenes/img17.png Graphic file (type png)
<use Imagenes/img17.png>
Package pdftex.def Info: Imagenes/img17.png  used on input line 159.
(pdftex.def)             Requested size: 284.52756pt x 276.76518pt.
 [7 <./Imagenes/img14.png> <./Imagenes/img15.png> <./Imagenes/img16.png>]
<Imagenes/img18.png, id=52, 227.34938pt x 327.47343pt>
File: Imagenes/img18.png Graphic file (type png)
<use Imagenes/img18.png>
Package pdftex.def Info: Imagenes/img18.png  used on input line 163.
(pdftex.def)             Requested size: 142.26378pt x 204.92024pt.
<Imagenes/img19.png, id=53, 1160.08406pt x 459.96844pt>
File: Imagenes/img19.png Graphic file (type png)
<use Imagenes/img19.png>
Package pdftex.def Info: Imagenes/img19.png  used on input line 167.
(pdftex.def)             Requested size: 341.43306pt x 135.37367pt.
<Imagenes/img20.png, id=54, 822.07124pt x 706.89093pt>
File: Imagenes/img20.png Graphic file (type png)
<use Imagenes/img20.png>
Package pdftex.def Info: Imagenes/img20.png  used on input line 172.
(pdftex.def)             Requested size: 227.62204pt x 195.7277pt.
 [8 <./Imagenes/img17.png> <./Imagenes/img18.png> <./Imagenes/img19.png>]
<Imagenes/img21.png, id=60, 837.88031pt x 702.37407pt>
File: Imagenes/img21.png Graphic file (type png)
<use Imagenes/img21.png>
Package pdftex.def Info: Imagenes/img21.png  used on input line 176.
(pdftex.def)             Requested size: 227.62204pt x 190.80101pt.
<Imagenes/img22.png, id=61, 455.45157pt x 843.15pt>
File: Imagenes/img22.png Graphic file (type png)
<use Imagenes/img22.png>
Package pdftex.def Info: Imagenes/img22.png  used on input line 180.
(pdftex.def)             Requested size: 142.26378pt x 263.36794pt.
 [9 <./Imagenes/img20.png> <./Imagenes/img21.png> <./Imagenes/img22.png>] (Labo
ratorio4_TiconaMamaniAlex.aux
LaTeX Info: Redefining \. on input line 8.
LaTeX Info: Redefining \% on input line 8.
)

LaTeX Font Warning: Some font shapes were not available, defaults substituted.

 ) 
Here is how much of TeX's memory you used:
 4140 strings out of 479334
 56582 string characters out of 2866963
 370477 words of memory out of 3000000
 21555 multiletter control sequences out of 15000+200000
 405935 words of font info for 35 fonts, out of 3000000 for 9000
 1141 hyphenation exceptions out of 8191
 68i,6n,74p,418b,361s stack positions out of 5000i,500n,10000p,200000b,50000s
 <C:\Users\ALEX\AppData\Local\MiKTeX\fonts/pk/ljfour/jknappen/ec/dpi600\tcrm1
200.pk><C:/Program Files/MiKTeX/fonts/type1/public/amsfonts/cm/cmbx12.pfb><C:/P
rogram Files/MiKTeX/fonts/type1/public/amsfonts/cm/cmr12.pfb>
Output written on Laboratorio4_TiconaMamaniAlex.pdf (9 pages, 2634585 bytes).
PDF statistics:
 81 PDF objects out of 1000 (max. 8388607)
 0 named destinations out of 1000 (max. 500000)
 111 words of extra memory for PDF output out of 10000 (max. 10000000)

